<?xml version="1.0" encoding="UTF-8"?>
<testng-results ignored="0" total="3" passed="3" failed="0" skipped="0">
  <reporter-output>
    <line>
      <![CDATA[actiTIME - Enter Time-Track]]>
    </line>
    <line>
      <![CDATA[actiTIME - Login]]>
    </line>
    <line>
      <![CDATA[actiTIME - Login]]>
    </line>
  </reporter-output>
  <suite started-at="2025-07-24T23:49:59 IST" name="Default suite" finished-at="2025-07-24T23:50:14 IST" duration-ms="15666">
    <groups>
      <group name="cucumber">
        <method signature="AbstractTestNGCucumberTests.runScenario(io.cucumber.testng.PickleWrapper,io.cucumber.testng.FeatureWrapper)[pri:0, instance:Runner.Runner@2a5c8d3f]" name="runScenario" class="io.cucumber.testng.AbstractTestNGCucumberTests"/>
      </group> <!-- cucumber -->
    </groups>
    <test started-at="2025-07-24T23:49:59 IST" name="Default test" finished-at="2025-07-24T23:50:14 IST" duration-ms="15666">
      <class name="Runner.Runner">
        <test-method is-config="true" signature="setUpClass(org.testng.ITestContext)[pri:0, instance:Runner.Runner@2a5c8d3f]" started-at="2025-07-24T23:49:59 IST" name="setUpClass" finished-at="2025-07-24T23:49:59 IST" duration-ms="441" status="PASS">
          <params>
            <param index="0">
              <value>
                <![CDATA[org.testng.TestRunner@3af356f]]>
              </value>
            </param>
          </params>
          <reporter-output>
          </reporter-output>
        </test-method> <!-- setUpClass -->
        <test-method signature="runScenario(io.cucumber.testng.PickleWrapper,io.cucumber.testng.FeatureWrapper)[pri:0, instance:Runner.Runner@2a5c8d3f]" started-at="2025-07-24T23:49:59 IST" name="runScenario" description="Runs Cucumber Scenarios" data-provider="scenarios" finished-at="2025-07-24T23:50:05 IST" duration-ms="6002" status="PASS">
          <params>
            <param index="0">
              <value>
                <![CDATA["Valid login to actitime"]]>
              </value>
            </param>
            <param index="1">
              <value>
                <![CDATA["Actime login feature"]]>
              </value>
            </param>
          </params>
          <reporter-output>
            <line>
              <![CDATA[actiTIME - Enter Time-Track]]>
            </line>
          </reporter-output>
        </test-method> <!-- runScenario -->
        <test-method signature="runScenario(io.cucumber.testng.PickleWrapper,io.cucumber.testng.FeatureWrapper)[pri:0, instance:Runner.Runner@2a5c8d3f]" started-at="2025-07-24T23:50:05 IST" name="runScenario" description="Runs Cucumber Scenarios" data-provider="scenarios" finished-at="2025-07-24T23:50:09 IST" duration-ms="4068" status="PASS">
          <params>
            <param index="0">
              <value>
                <![CDATA["Valid login to actitime"]]>
              </value>
            </param>
            <param index="1">
              <value>
                <![CDATA["Actime login feature"]]>
              </value>
            </param>
          </params>
          <reporter-output>
            <line>
              <![CDATA[actiTIME - Login]]>
            </line>
          </reporter-output>
        </test-method> <!-- runScenario -->
        <test-method signature="runScenario(io.cucumber.testng.PickleWrapper,io.cucumber.testng.FeatureWrapper)[pri:0, instance:Runner.Runner@2a5c8d3f]" started-at="2025-07-24T23:50:09 IST" name="runScenario" description="Runs Cucumber Scenarios" data-provider="scenarios" finished-at="2025-07-24T23:50:14 IST" duration-ms="5051" status="PASS">
          <params>
            <param index="0">
              <value>
                <![CDATA["Valid login to actitime"]]>
              </value>
            </param>
            <param index="1">
              <value>
                <![CDATA["Actime login feature"]]>
              </value>
            </param>
          </params>
          <reporter-output>
            <line>
              <![CDATA[actiTIME - Login]]>
            </line>
          </reporter-output>
        </test-method> <!-- runScenario -->
        <test-method is-config="true" signature="tearDownClass()[pri:0, instance:Runner.Runner@2a5c8d3f]" started-at="2025-07-24T23:50:14 IST" name="tearDownClass" finished-at="2025-07-24T23:50:14 IST" duration-ms="5" status="PASS">
          <reporter-output>
          </reporter-output>
        </test-method> <!-- tearDownClass -->
      </class> <!-- Runner.Runner -->
    </test> <!-- Default test -->
  </suite> <!-- Default suite -->
</testng-results>
